::1 - - [18/Aug/2020:16:55:06 +0530] "GET / HTTP/1.1" 200 659 "-" "Mozilla/5.0 (X11; Linux x86_64) AppleWebKit/537.36 (KHTML, like Gecko) Chrome/84.0.4147.125 Safari/537.36"
::1 - - [18/Aug/2020:16:55:06 +0530] "GET /icons/blank.gif HTTP/1.1" 200 431 "http://localhost/" "Mozilla/5.0 (X11; Linux x86_64) AppleWebKit/537.36 (KHTML, like Gecko) Chrome/84.0.4147.125 Safari/537.36"
::1 - - [18/Aug/2020:16:55:06 +0530] "GET /icons/unknown.gif HTTP/1.1" 200 529 "http://localhost/" "Mozilla/5.0 (X11; Linux x86_64) AppleWebKit/537.36 (KHTML, like Gecko) Chrome/84.0.4147.125 Safari/537.36"
::1 - - [18/Aug/2020:16:55:16 +0530] "GET /test.php HTTP/1.1" 200 532 "-" "Mozilla/5.0 (X11; Linux x86_64) AppleWebKit/537.36 (KHTML, like Gecko) Chrome/84.0.4147.125 Safari/537.36"
::1 - - [18/Aug/2020:16:55:16 +0530] "GET /css/style.css HTTP/1.1" 404 487 "http://localhost/test.php" "Mozilla/5.0 (X11; Linux x86_64) AppleWebKit/537.36 (KHTML, like Gecko) Chrome/84.0.4147.125 Safari/537.36"
::1 - - [18/Aug/2020:16:56:33 +0530] "GET / HTTP/1.1" 200 659 "-" "Mozilla/5.0 (X11; Linux x86_64) AppleWebKit/537.36 (KHTML, like Gecko) Chrome/84.0.4147.125 Safari/537.36"
::1 - - [18/Aug/2020:16:57:24 +0530] "-" 408 0 "-" "-"
::1 - - [18/Aug/2020:17:03:05 +0530] "GET / HTTP/1.1" 200 694 "-" "Mozilla/5.0 (X11; Linux x86_64) AppleWebKit/537.36 (KHTML, like Gecko) Chrome/84.0.4147.125 Safari/537.36"
::1 - - [18/Aug/2020:17:03:05 +0530] "GET /icons/folder.gif HTTP/1.1" 200 508 "http://localhost/" "Mozilla/5.0 (X11; Linux x86_64) AppleWebKit/537.36 (KHTML, like Gecko) Chrome/84.0.4147.125 Safari/537.36"
::1 - - [18/Aug/2020:17:03:06 +0530] "GET /test.php HTTP/1.1" 200 531 "http://localhost/" "Mozilla/5.0 (X11; Linux x86_64) AppleWebKit/537.36 (KHTML, like Gecko) Chrome/84.0.4147.125 Safari/537.36"
::1 - - [18/Aug/2020:17:03:06 +0530] "GET /css/style.css HTTP/1.1" 200 595 "http://localhost/test.php" "Mozilla/5.0 (X11; Linux x86_64) AppleWebKit/537.36 (KHTML, like Gecko) Chrome/84.0.4147.125 Safari/537.36"
::1 - - [18/Aug/2020:17:03:56 +0530] "-" 408 0 "-" "-"
::1 - - [18/Aug/2020:17:05:40 +0530] "GET /test.php HTTP/1.1" 200 544 "-" "Mozilla/5.0 (X11; Linux x86_64) AppleWebKit/537.36 (KHTML, like Gecko) Chrome/84.0.4147.125 Safari/537.36"
::1 - - [18/Aug/2020:17:05:40 +0530] "GET /css/style.css HTTP/1.1" 200 595 "http://localhost/test.php" "Mozilla/5.0 (X11; Linux x86_64) AppleWebKit/537.36 (KHTML, like Gecko) Chrome/84.0.4147.125 Safari/537.36"
::1 - - [18/Aug/2020:17:05:41 +0530] "GET /favicon.ico HTTP/1.1" 404 487 "http://localhost/test.php" "Mozilla/5.0 (X11; Linux x86_64) AppleWebKit/537.36 (KHTML, like Gecko) Chrome/84.0.4147.125 Safari/537.36"
::1 - - [18/Aug/2020:17:06:21 +0530] "GET /test.php HTTP/1.1" 200 535 "-" "Mozilla/5.0 (X11; Linux x86_64) AppleWebKit/537.36 (KHTML, like Gecko) Chrome/84.0.4147.125 Safari/537.36"
::1 - - [18/Aug/2020:17:06:21 +0530] "GET /css/style.css HTTP/1.1" 200 595 "http://localhost/test.php" "Mozilla/5.0 (X11; Linux x86_64) AppleWebKit/537.36 (KHTML, like Gecko) Chrome/84.0.4147.125 Safari/537.36"
::1 - - [18/Aug/2020:17:06:29 +0530] "GET /test.php HTTP/1.1" 200 525 "-" "Mozilla/5.0 (X11; Linux x86_64) AppleWebKit/537.36 (KHTML, like Gecko) Chrome/84.0.4147.125 Safari/537.36"
::1 - - [18/Aug/2020:17:07:21 +0530] "-" 408 0 "-" "-"
::1 - - [18/Aug/2020:17:19:10 +0530] "GET /test.php HTTP/1.1" 404 488 "-" "Mozilla/5.0 (X11; Linux x86_64) AppleWebKit/537.36 (KHTML, like Gecko) Chrome/84.0.4147.125 Safari/537.36"
::1 - - [18/Aug/2020:17:19:32 +0530] "GET /HelloWorld.php HTTP/1.1" 200 527 "-" "Mozilla/5.0 (X11; Linux x86_64) AppleWebKit/537.36 (KHTML, like Gecko) Chrome/84.0.4147.125 Safari/537.36"
::1 - - [18/Aug/2020:17:19:32 +0530] "GET /css/style.css HTTP/1.1" 200 595 "http://localhost/HelloWorld.php" "Mozilla/5.0 (X11; Linux x86_64) AppleWebKit/537.36 (KHTML, like Gecko) Chrome/84.0.4147.125 Safari/537.36"
::1 - - [18/Aug/2020:17:20:23 +0530] "-" 408 0 "-" "-"
