::1 - - [18/Aug/2020:16:55:06 +0530] "GET / HTTP/1.1" 200 659 "-" "Mozilla/5.0 (X11; Linux x86_64) AppleWebKit/537.36 (KHTML, like Gecko) Chrome/84.0.4147.125 Safari/537.36"
::1 - - [18/Aug/2020:16:55:06 +0530] "GET /icons/blank.gif HTTP/1.1" 200 431 "http://localhost/" "Mozilla/5.0 (X11; Linux x86_64) AppleWebKit/537.36 (KHTML, like Gecko) Chrome/84.0.4147.125 Safari/537.36"
::1 - - [18/Aug/2020:16:55:06 +0530] "GET /icons/unknown.gif HTTP/1.1" 200 529 "http://localhost/" "Mozilla/5.0 (X11; Linux x86_64) AppleWebKit/537.36 (KHTML, like Gecko) Chrome/84.0.4147.125 Safari/537.36"
::1 - - [18/Aug/2020:16:55:16 +0530] "GET /test.php HTTP/1.1" 200 532 "-" "Mozilla/5.0 (X11; Linux x86_64) AppleWebKit/537.36 (KHTML, like Gecko) Chrome/84.0.4147.125 Safari/537.36"
::1 - - [18/Aug/2020:16:55:16 +0530] "GET /css/style.css HTTP/1.1" 404 487 "http://localhost/test.php" "Mozilla/5.0 (X11; Linux x86_64) AppleWebKit/537.36 (KHTML, like Gecko) Chrome/84.0.4147.125 Safari/537.36"
::1 - - [18/Aug/2020:16:56:33 +0530] "GET / HTTP/1.1" 200 659 "-" "Mozilla/5.0 (X11; Linux x86_64) AppleWebKit/537.36 (KHTML, like Gecko) Chrome/84.0.4147.125 Safari/537.36"
::1 - - [18/Aug/2020:16:57:24 +0530] "-" 408 0 "-" "-"
::1 - - [18/Aug/2020:17:03:05 +0530] "GET / HTTP/1.1" 200 694 "-" "Mozilla/5.0 (X11; Linux x86_64) AppleWebKit/537.36 (KHTML, like Gecko) Chrome/84.0.4147.125 Safari/537.36"
::1 - - [18/Aug/2020:17:03:05 +0530] "GET /icons/folder.gif HTTP/1.1" 200 508 "http://localhost/" "Mozilla/5.0 (X11; Linux x86_64) AppleWebKit/537.36 (KHTML, like Gecko) Chrome/84.0.4147.125 Safari/537.36"
::1 - - [18/Aug/2020:17:03:06 +0530] "GET /test.php HTTP/1.1" 200 531 "http://localhost/" "Mozilla/5.0 (X11; Linux x86_64) AppleWebKit/537.36 (KHTML, like Gecko) Chrome/84.0.4147.125 Safari/537.36"
::1 - - [18/Aug/2020:17:03:06 +0530] "GET /css/style.css HTTP/1.1" 200 595 "http://localhost/test.php" "Mozilla/5.0 (X11; Linux x86_64) AppleWebKit/537.36 (KHTML, like Gecko) Chrome/84.0.4147.125 Safari/537.36"
::1 - - [18/Aug/2020:17:03:56 +0530] "-" 408 0 "-" "-"
::1 - - [18/Aug/2020:17:05:40 +0530] "GET /test.php HTTP/1.1" 200 544 "-" "Mozilla/5.0 (X11; Linux x86_64) AppleWebKit/537.36 (KHTML, like Gecko) Chrome/84.0.4147.125 Safari/537.36"
::1 - - [18/Aug/2020:17:05:40 +0530] "GET /css/style.css HTTP/1.1" 200 595 "http://localhost/test.php" "Mozilla/5.0 (X11; Linux x86_64) AppleWebKit/537.36 (KHTML, like Gecko) Chrome/84.0.4147.125 Safari/537.36"
::1 - - [18/Aug/2020:17:05:41 +0530] "GET /favicon.ico HTTP/1.1" 404 487 "http://localhost/test.php" "Mozilla/5.0 (X11; Linux x86_64) AppleWebKit/537.36 (KHTML, like Gecko) Chrome/84.0.4147.125 Safari/537.36"
::1 - - [18/Aug/2020:17:06:21 +0530] "GET /test.php HTTP/1.1" 200 535 "-" "Mozilla/5.0 (X11; Linux x86_64) AppleWebKit/537.36 (KHTML, like Gecko) Chrome/84.0.4147.125 Safari/537.36"
::1 - - [18/Aug/2020:17:06:21 +0530] "GET /css/style.css HTTP/1.1" 200 595 "http://localhost/test.php" "Mozilla/5.0 (X11; Linux x86_64) AppleWebKit/537.36 (KHTML, like Gecko) Chrome/84.0.4147.125 Safari/537.36"
::1 - - [18/Aug/2020:17:06:29 +0530] "GET /test.php HTTP/1.1" 200 525 "-" "Mozilla/5.0 (X11; Linux x86_64) AppleWebKit/537.36 (KHTML, like Gecko) Chrome/84.0.4147.125 Safari/537.36"
::1 - - [18/Aug/2020:17:07:21 +0530] "-" 408 0 "-" "-"
::1 - - [18/Aug/2020:17:19:10 +0530] "GET /test.php HTTP/1.1" 404 488 "-" "Mozilla/5.0 (X11; Linux x86_64) AppleWebKit/537.36 (KHTML, like Gecko) Chrome/84.0.4147.125 Safari/537.36"
::1 - - [18/Aug/2020:17:19:32 +0530] "GET /HelloWorld.php HTTP/1.1" 200 527 "-" "Mozilla/5.0 (X11; Linux x86_64) AppleWebKit/537.36 (KHTML, like Gecko) Chrome/84.0.4147.125 Safari/537.36"
::1 - - [18/Aug/2020:17:19:32 +0530] "GET /css/style.css HTTP/1.1" 200 595 "http://localhost/HelloWorld.php" "Mozilla/5.0 (X11; Linux x86_64) AppleWebKit/537.36 (KHTML, like Gecko) Chrome/84.0.4147.125 Safari/537.36"
::1 - - [18/Aug/2020:17:20:23 +0530] "-" 408 0 "-" "-"
::1 - - [18/Aug/2020:17:31:20 +0530] "GET /HelloWorld.php HTTP/1.1" 200 527 "-" "Mozilla/5.0 (X11; Linux x86_64) AppleWebKit/537.36 (KHTML, like Gecko) Chrome/84.0.4147.125 Safari/537.36"
::1 - - [18/Aug/2020:17:31:20 +0530] "GET /css/style.css HTTP/1.1" 200 595 "http://localhost/HelloWorld.php" "Mozilla/5.0 (X11; Linux x86_64) AppleWebKit/537.36 (KHTML, like Gecko) Chrome/84.0.4147.125 Safari/537.36"
::1 - - [18/Aug/2020:17:32:12 +0530] "-" 408 0 "-" "-"
::1 - - [18/Aug/2020:17:36:19 +0530] "GET / HTTP/1.1" 200 722 "-" "Mozilla/5.0 (X11; Linux x86_64) AppleWebKit/537.36 (KHTML, like Gecko) Chrome/84.0.4147.125 Safari/537.36"
::1 - - [18/Aug/2020:17:36:19 +0530] "GET /icons/folder.gif HTTP/1.1" 200 509 "http://localhost/" "Mozilla/5.0 (X11; Linux x86_64) AppleWebKit/537.36 (KHTML, like Gecko) Chrome/84.0.4147.125 Safari/537.36"
::1 - - [18/Aug/2020:17:36:19 +0530] "GET /icons/blank.gif HTTP/1.1" 200 431 "http://localhost/" "Mozilla/5.0 (X11; Linux x86_64) AppleWebKit/537.36 (KHTML, like Gecko) Chrome/84.0.4147.125 Safari/537.36"
::1 - - [18/Aug/2020:17:36:19 +0530] "GET /icons/text.gif HTTP/1.1" 200 513 "http://localhost/" "Mozilla/5.0 (X11; Linux x86_64) AppleWebKit/537.36 (KHTML, like Gecko) Chrome/84.0.4147.125 Safari/537.36"
::1 - - [18/Aug/2020:17:36:21 +0530] "GET /Basic-Deployment/ HTTP/1.1" 200 741 "http://localhost/" "Mozilla/5.0 (X11; Linux x86_64) AppleWebKit/537.36 (KHTML, like Gecko) Chrome/84.0.4147.125 Safari/537.36"
::1 - - [18/Aug/2020:17:36:21 +0530] "GET /icons/unknown.gif HTTP/1.1" 200 528 "http://localhost/Basic-Deployment/" "Mozilla/5.0 (X11; Linux x86_64) AppleWebKit/537.36 (KHTML, like Gecko) Chrome/84.0.4147.125 Safari/537.36"
::1 - - [18/Aug/2020:17:36:21 +0530] "GET /icons/back.gif HTTP/1.1" 200 499 "http://localhost/Basic-Deployment/" "Mozilla/5.0 (X11; Linux x86_64) AppleWebKit/537.36 (KHTML, like Gecko) Chrome/84.0.4147.125 Safari/537.36"
::1 - - [18/Aug/2020:17:36:23 +0530] "GET /Basic-Deployment/HelloWorld.php HTTP/1.1" 200 526 "http://localhost/Basic-Deployment/" "Mozilla/5.0 (X11; Linux x86_64) AppleWebKit/537.36 (KHTML, like Gecko) Chrome/84.0.4147.125 Safari/537.36"
::1 - - [18/Aug/2020:17:36:23 +0530] "GET /Basic-Deployment/css/style.css HTTP/1.1" 200 595 "http://localhost/Basic-Deployment/HelloWorld.php" "Mozilla/5.0 (X11; Linux x86_64) AppleWebKit/537.36 (KHTML, like Gecko) Chrome/84.0.4147.125 Safari/537.36"
::1 - - [18/Aug/2020:17:41:16 +0530] "GET /Basic-Deployment/Variablesphp HTTP/1.1" 404 488 "-" "Mozilla/5.0 (X11; Linux x86_64) AppleWebKit/537.36 (KHTML, like Gecko) Chrome/84.0.4147.125 Safari/537.36"
::1 - - [18/Aug/2020:17:41:24 +0530] "GET /Basic-Deployment/Variables.php HTTP/1.1" 200 519 "-" "Mozilla/5.0 (X11; Linux x86_64) AppleWebKit/537.36 (KHTML, like Gecko) Chrome/84.0.4147.125 Safari/537.36"
::1 - - [18/Aug/2020:17:41:24 +0530] "GET /Basic-Deployment/css/style.css HTTP/1.1" 200 595 "http://localhost/Basic-Deployment/Variables.php" "Mozilla/5.0 (X11; Linux x86_64) AppleWebKit/537.36 (KHTML, like Gecko) Chrome/84.0.4147.125 Safari/537.36"
::1 - - [18/Aug/2020:17:41:44 +0530] "GET /Basic-Deployment/Variables.php HTTP/1.1" 200 519 "-" "Mozilla/5.0 (X11; Linux x86_64) AppleWebKit/537.36 (KHTML, like Gecko) Chrome/84.0.4147.125 Safari/537.36"
::1 - - [18/Aug/2020:17:42:36 +0530] "-" 408 0 "-" "-"
::1 - - [18/Aug/2020:17:42:47 +0530] "GET /Basic-Deployment/Variables.php HTTP/1.1" 200 524 "-" "Mozilla/5.0 (X11; Linux x86_64) AppleWebKit/537.36 (KHTML, like Gecko) Chrome/84.0.4147.125 Safari/537.36"
::1 - - [18/Aug/2020:17:43:39 +0530] "-" 408 0 "-" "-"
::1 - - [18/Aug/2020:17:55:11 +0530] "GET /Basic-Deployment/Variables.php HTTP/1.1" 200 529 "-" "Mozilla/5.0 (X11; Linux x86_64) AppleWebKit/537.36 (KHTML, like Gecko) Chrome/84.0.4147.125 Safari/537.36"
::1 - - [18/Aug/2020:17:55:11 +0530] "GET /Basic-Deployment/css/style.css HTTP/1.1" 200 595 "http://localhost/Basic-Deployment/Variables.php" "Mozilla/5.0 (X11; Linux x86_64) AppleWebKit/537.36 (KHTML, like Gecko) Chrome/84.0.4147.125 Safari/537.36"
::1 - - [18/Aug/2020:17:55:16 +0530] "GET /Basic-Deployment/Variables.php HTTP/1.1" 200 530 "-" "Mozilla/5.0 (X11; Linux x86_64) AppleWebKit/537.36 (KHTML, like Gecko) Chrome/84.0.4147.125 Safari/537.36"
::1 - - [18/Aug/2020:17:56:08 +0530] "-" 408 0 "-" "-"
::1 - - [18/Aug/2020:17:58:19 +0530] "GET /Basic-Deployment/Conditions.php HTTP/1.1" 200 520 "-" "Mozilla/5.0 (X11; Linux x86_64) AppleWebKit/537.36 (KHTML, like Gecko) Chrome/84.0.4147.125 Safari/537.36"
::1 - - [18/Aug/2020:17:59:11 +0530] "-" 408 0 "-" "-"
::1 - - [18/Aug/2020:18:00:22 +0530] "GET /Basic-Deployment/Conditions.php HTTP/1.1" 200 534 "-" "Mozilla/5.0 (X11; Linux x86_64) AppleWebKit/537.36 (KHTML, like Gecko) Chrome/84.0.4147.125 Safari/537.36"
::1 - - [18/Aug/2020:18:00:44 +0530] "GET /Basic-Deployment/Conditions.php HTTP/1.1" 200 536 "-" "Mozilla/5.0 (X11; Linux x86_64) AppleWebKit/537.36 (KHTML, like Gecko) Chrome/84.0.4147.125 Safari/537.36"
::1 - - [18/Aug/2020:18:00:44 +0530] "GET /Basic-Deployment/css/style.css HTTP/1.1" 200 595 "http://localhost/Basic-Deployment/Conditions.php" "Mozilla/5.0 (X11; Linux x86_64) AppleWebKit/537.36 (KHTML, like Gecko) Chrome/84.0.4147.125 Safari/537.36"
::1 - - [18/Aug/2020:18:01:01 +0530] "GET /Basic-Deployment/Conditions.php HTTP/1.1" 200 534 "-" "Mozilla/5.0 (X11; Linux x86_64) AppleWebKit/537.36 (KHTML, like Gecko) Chrome/84.0.4147.125 Safari/537.36"
::1 - - [18/Aug/2020:18:01:52 +0530] "-" 408 0 "-" "-"
::1 - - [18/Aug/2020:18:10:02 +0530] "GET /Basic-Deployment/Conditions.php HTTP/1.1" 500 185 "-" "Mozilla/5.0 (X11; Linux x86_64) AppleWebKit/537.36 (KHTML, like Gecko) Chrome/84.0.4147.125 Safari/537.36"
::1 - - [18/Aug/2020:18:10:05 +0530] "GET /Basic-Deployment/Conditions.php HTTP/1.1" 500 185 "-" "Mozilla/5.0 (X11; Linux x86_64) AppleWebKit/537.36 (KHTML, like Gecko) Chrome/84.0.4147.125 Safari/537.36"
::1 - - [18/Aug/2020:18:10:17 +0530] "GET /Basic-Deployment/Conditions.php HTTP/1.1" 200 534 "-" "Mozilla/5.0 (X11; Linux x86_64) AppleWebKit/537.36 (KHTML, like Gecko) Chrome/84.0.4147.125 Safari/537.36"
::1 - - [18/Aug/2020:18:10:17 +0530] "GET /Basic-Deployment/css/style.css HTTP/1.1" 200 595 "http://localhost/Basic-Deployment/Conditions.php" "Mozilla/5.0 (X11; Linux x86_64) AppleWebKit/537.36 (KHTML, like Gecko) Chrome/84.0.4147.125 Safari/537.36"
::1 - - [18/Aug/2020:18:10:56 +0530] "-" 408 0 "-" "-"
::1 - - [18/Aug/2020:18:11:05 +0530] "GET /Basic-Deployment/Conditions.php HTTP/1.1" 200 531 "-" "Mozilla/5.0 (X11; Linux x86_64) AppleWebKit/537.36 (KHTML, like Gecko) Chrome/84.0.4147.125 Safari/537.36"
::1 - - [18/Aug/2020:18:11:09 +0530] "GET /Basic-Deployment/Conditions.php HTTP/1.1" 200 533 "-" "Mozilla/5.0 (X11; Linux x86_64) AppleWebKit/537.36 (KHTML, like Gecko) Chrome/84.0.4147.125 Safari/537.36"
::1 - - [18/Aug/2020:18:11:56 +0530] "-" 408 0 "-" "-"
::1 - - [18/Aug/2020:18:33:58 +0530] "GET /Basic-Deployment/Arrays.php HTTP/1.1" 200 517 "-" "Mozilla/5.0 (X11; Linux x86_64) AppleWebKit/537.36 (KHTML, like Gecko) Chrome/84.0.4147.125 Safari/537.36"
::1 - - [18/Aug/2020:18:33:58 +0530] "GET /Basic-Deployment/css/style.css HTTP/1.1" 200 595 "http://localhost/Basic-Deployment/Arrays.php" "Mozilla/5.0 (X11; Linux x86_64) AppleWebKit/537.36 (KHTML, like Gecko) Chrome/84.0.4147.125 Safari/537.36"
::1 - - [18/Aug/2020:18:34:50 +0530] "-" 408 0 "-" "-"
::1 - - [18/Aug/2020:18:35:57 +0530] "GET /Basic-Deployment/Arrays.php HTTP/1.1" 200 519 "-" "Mozilla/5.0 (X11; Linux x86_64) AppleWebKit/537.36 (KHTML, like Gecko) Chrome/84.0.4147.125 Safari/537.36"
::1 - - [18/Aug/2020:18:36:43 +0530] "GET /Basic-Deployment/Arrays.php HTTP/1.1" 200 521 "-" "Mozilla/5.0 (X11; Linux x86_64) AppleWebKit/537.36 (KHTML, like Gecko) Chrome/84.0.4147.125 Safari/537.36"
::1 - - [18/Aug/2020:18:37:34 +0530] "-" 408 0 "-" "-"
::1 - - [18/Aug/2020:18:39:33 +0530] "GET /Basic-Deployment/Arrays.php HTTP/1.1" 200 521 "-" "Mozilla/5.0 (X11; Linux x86_64) AppleWebKit/537.36 (KHTML, like Gecko) Chrome/84.0.4147.125 Safari/537.36"
::1 - - [18/Aug/2020:18:39:34 +0530] "GET /Basic-Deployment/Arrays.php HTTP/1.1" 200 520 "-" "Mozilla/5.0 (X11; Linux x86_64) AppleWebKit/537.36 (KHTML, like Gecko) Chrome/84.0.4147.125 Safari/537.36"
::1 - - [18/Aug/2020:18:39:35 +0530] "GET /Basic-Deployment/Arrays.php HTTP/1.1" 200 520 "-" "Mozilla/5.0 (X11; Linux x86_64) AppleWebKit/537.36 (KHTML, like Gecko) Chrome/84.0.4147.125 Safari/537.36"
::1 - - [18/Aug/2020:18:39:42 +0530] "GET /Basic-Deployment/Arrays.php HTTP/1.1" 200 521 "-" "Mozilla/5.0 (X11; Linux x86_64) AppleWebKit/537.36 (KHTML, like Gecko) Chrome/84.0.4147.125 Safari/537.36"
::1 - - [18/Aug/2020:18:39:59 +0530] "GET /Basic-Deployment/Arrays.php HTTP/1.1" 200 523 "-" "Mozilla/5.0 (X11; Linux x86_64) AppleWebKit/537.36 (KHTML, like Gecko) Chrome/84.0.4147.125 Safari/537.36"
::1 - - [18/Aug/2020:18:40:30 +0530] "GET /Basic-Deployment/Arrays.php HTTP/1.1" 200 524 "-" "Mozilla/5.0 (X11; Linux x86_64) AppleWebKit/537.36 (KHTML, like Gecko) Chrome/84.0.4147.125 Safari/537.36"
::1 - - [18/Aug/2020:18:41:22 +0530] "-" 408 0 "-" "-"
::1 - - [18/Aug/2020:18:43:20 +0530] "GET /Basic-Deployment/Arrays.php HTTP/1.1" 200 524 "-" "Mozilla/5.0 (X11; Linux x86_64) AppleWebKit/537.36 (KHTML, like Gecko) Chrome/84.0.4147.125 Safari/537.36"
::1 - - [18/Aug/2020:18:43:20 +0530] "GET /Basic-Deployment/css/style.css HTTP/1.1" 200 595 "http://localhost/Basic-Deployment/Arrays.php" "Mozilla/5.0 (X11; Linux x86_64) AppleWebKit/537.36 (KHTML, like Gecko) Chrome/84.0.4147.125 Safari/537.36"
::1 - - [18/Aug/2020:18:43:30 +0530] "GET /Basic-Deployment/Arrays.php HTTP/1.1" 200 526 "-" "Mozilla/5.0 (X11; Linux x86_64) AppleWebKit/537.36 (KHTML, like Gecko) Chrome/84.0.4147.125 Safari/537.36"
::1 - - [18/Aug/2020:18:43:35 +0530] "GET /Basic-Deployment/Arrays.php HTTP/1.1" 200 524 "-" "Mozilla/5.0 (X11; Linux x86_64) AppleWebKit/537.36 (KHTML, like Gecko) Chrome/84.0.4147.125 Safari/537.36"
::1 - - [18/Aug/2020:18:43:43 +0530] "GET /Basic-Deployment/Arrays.php HTTP/1.1" 200 523 "-" "Mozilla/5.0 (X11; Linux x86_64) AppleWebKit/537.36 (KHTML, like Gecko) Chrome/84.0.4147.125 Safari/537.36"
::1 - - [18/Aug/2020:18:43:54 +0530] "GET /Basic-Deployment/Arrays.php HTTP/1.1" 500 185 "-" "Mozilla/5.0 (X11; Linux x86_64) AppleWebKit/537.36 (KHTML, like Gecko) Chrome/84.0.4147.125 Safari/537.36"
::1 - - [18/Aug/2020:18:43:58 +0530] "GET /Basic-Deployment/Arrays.php HTTP/1.1" 500 185 "-" "Mozilla/5.0 (X11; Linux x86_64) AppleWebKit/537.36 (KHTML, like Gecko) Chrome/84.0.4147.125 Safari/537.36"
::1 - - [18/Aug/2020:18:44:03 +0530] "GET /Basic-Deployment/Arrays.php HTTP/1.1" 200 526 "-" "Mozilla/5.0 (X11; Linux x86_64) AppleWebKit/537.36 (KHTML, like Gecko) Chrome/84.0.4147.125 Safari/537.36"
::1 - - [18/Aug/2020:18:44:50 +0530] "-" 408 0 "-" "-"
::1 - - [18/Aug/2020:18:46:59 +0530] "GET /Basic-Deployment/Arrays.php HTTP/1.1" 200 589 "-" "Mozilla/5.0 (X11; Linux x86_64) AppleWebKit/537.36 (KHTML, like Gecko) Chrome/84.0.4147.125 Safari/537.36"
::1 - - [18/Aug/2020:18:47:50 +0530] "-" 408 0 "-" "-"
::1 - - [18/Aug/2020:18:47:54 +0530] "GET /Basic-Deployment/Arrays.php HTTP/1.1" 200 597 "-" "Mozilla/5.0 (X11; Linux x86_64) AppleWebKit/537.36 (KHTML, like Gecko) Chrome/84.0.4147.125 Safari/537.36"
::1 - - [18/Aug/2020:18:47:55 +0530] "GET /Basic-Deployment/Arrays.php HTTP/1.1" 200 596 "-" "Mozilla/5.0 (X11; Linux x86_64) AppleWebKit/537.36 (KHTML, like Gecko) Chrome/84.0.4147.125 Safari/537.36"
::1 - - [18/Aug/2020:18:48:12 +0530] "GET /Basic-Deployment/Arrays.php HTTP/1.1" 200 597 "-" "Mozilla/5.0 (X11; Linux x86_64) AppleWebKit/537.36 (KHTML, like Gecko) Chrome/84.0.4147.125 Safari/537.36"
::1 - - [18/Aug/2020:18:48:57 +0530] "GET /Basic-Deployment/Arrays.php HTTP/1.1" 200 595 "-" "Mozilla/5.0 (X11; Linux x86_64) AppleWebKit/537.36 (KHTML, like Gecko) Chrome/84.0.4147.125 Safari/537.36"
::1 - - [18/Aug/2020:18:49:48 +0530] "-" 408 0 "-" "-"
::1 - - [18/Aug/2020:18:54:10 +0530] "GET /Basic-Deployment/Arrays.php HTTP/1.1" 200 595 "-" "Mozilla/5.0 (X11; Linux x86_64) AppleWebKit/537.36 (KHTML, like Gecko) Chrome/84.0.4147.125 Safari/537.36"
::1 - - [18/Aug/2020:18:54:10 +0530] "GET /Basic-Deployment/css/style.css HTTP/1.1" 200 595 "http://localhost/Basic-Deployment/Arrays.php" "Mozilla/5.0 (X11; Linux x86_64) AppleWebKit/537.36 (KHTML, like Gecko) Chrome/84.0.4147.125 Safari/537.36"
::1 - - [18/Aug/2020:18:55:02 +0530] "-" 408 0 "-" "-"
::1 - - [18/Aug/2020:18:57:59 +0530] "GET /Basic-Deployment/Assoc-Arrays.php HTTP/1.1" 200 532 "-" "Mozilla/5.0 (X11; Linux x86_64) AppleWebKit/537.36 (KHTML, like Gecko) Chrome/84.0.4147.125 Safari/537.36"
::1 - - [18/Aug/2020:18:58:51 +0530] "-" 408 0 "-" "-"
::1 - - [18/Aug/2020:19:01:18 +0530] "GET /Basic-Deployment/Assoc-Arrays.php HTTP/1.1" 200 541 "-" "Mozilla/5.0 (X11; Linux x86_64) AppleWebKit/537.36 (KHTML, like Gecko) Chrome/84.0.4147.125 Safari/537.36"
::1 - - [18/Aug/2020:19:01:28 +0530] "GET /Basic-Deployment/Assoc-Arrays.php HTTP/1.1" 200 545 "-" "Mozilla/5.0 (X11; Linux x86_64) AppleWebKit/537.36 (KHTML, like Gecko) Chrome/84.0.4147.125 Safari/537.36"
